This is pdfTeX, Version 3.141592653-2.6-1.40.26 (MiKTeX 24.4) (preloaded format=pdflatex 2024.11.4)  15 MAY 2025 05:58
entering extended mode
 restricted \write18 enabled.
 file:line:error style messages enabled.
 %&-line parsing enabled.
**c:/Users/Lenovo/Documents/GitHub/MOEA/Latex/Chapters/MOEA_for_EVCS_Infrastructure.tex
(c:/Users/Lenovo/Documents/GitHub/MOEA/Latex/Chapters/MOEA_for_EVCS_Infrastructure.tex
LaTeX2e <2024-11-01>
L3 programming layer <2024-10-09>
(C:\Users\Lenovo\AppData\Local\Programs\MiKTeX\tex/latex/base\report.cls
Document Class: report 2024/06/29 v1.4n Standard LaTeX document class
(C:\Users\Lenovo\AppData\Local\Programs\MiKTeX\tex/latex/base\size12.clo
File: size12.clo 2024/06/29 v1.4n Standard LaTeX file (size option)
)
\c@part=\count196
\c@chapter=\count197
\c@section=\count198
\c@subsection=\count199
\c@subsubsection=\count266
\c@paragraph=\count267
\c@subparagraph=\count268
\c@figure=\count269
\c@table=\count270
\abovecaptionskip=\skip49
\belowcaptionskip=\skip50
\bibindent=\dimen141
) (C:\Users\Lenovo\AppData\Local\Programs\MiKTeX\tex/latex/graphics\graphicx.sty
Package: graphicx 2021/09/16 v1.2d Enhanced LaTeX Graphics (DPC,SPQR)
 (C:\Users\Lenovo\AppData\Local\Programs\MiKTeX\tex/latex/graphics\keyval.sty
Package: keyval 2022/05/29 v1.15 key=value parser (DPC)
\KV@toks@=\toks17
) (C:\Users\Lenovo\AppData\Local\Programs\MiKTeX\tex/latex/graphics\graphics.sty
Package: graphics 2024/08/06 v1.4g Standard LaTeX Graphics (DPC,SPQR)
 (C:\Users\Lenovo\AppData\Local\Programs\MiKTeX\tex/latex/graphics\trig.sty
Package: trig 2023/12/02 v1.11 sin cos tan (DPC)
) (C:\Users\Lenovo\AppData\Local\Programs\MiKTeX\tex/latex/graphics-cfg\graphics.cfg
File: graphics.cfg 2016/06/04 v1.11 sample graphics configuration
)
Package graphics Info: Driver file: pdftex.def on input line 106.
 (C:\Users\Lenovo\AppData\Local\Programs\MiKTeX\tex/latex/graphics-def\pdftex.def
File: pdftex.def 2024/04/13 v1.2c Graphics/color driver for pdftex
))
\Gin@req@height=\dimen142
\Gin@req@width=\dimen143
) (C:\Users\Lenovo\AppData\Local\Programs\MiKTeX\tex/latex/amsmath\amsmath.sty
Package: amsmath 2024/10/30 v2.17s AMS math features
\@mathmargin=\skip51

For additional information on amsmath, use the `?' option.
(C:\Users\Lenovo\AppData\Local\Programs\MiKTeX\tex/latex/amsmath\amstext.sty
Package: amstext 2021/08/26 v2.01 AMS text
 (C:\Users\Lenovo\AppData\Local\Programs\MiKTeX\tex/latex/amsmath\amsgen.sty
File: amsgen.sty 1999/11/30 v2.0 generic functions
\@emptytoks=\toks18
\ex@=\dimen144
)) (C:\Users\Lenovo\AppData\Local\Programs\MiKTeX\tex/latex/amsmath\amsbsy.sty
Package: amsbsy 1999/11/29 v1.2d Bold Symbols
\pmbraise@=\dimen145
) (C:\Users\Lenovo\AppData\Local\Programs\MiKTeX\tex/latex/amsmath\amsopn.sty
Package: amsopn 2022/04/08 v2.04 operator names
)
\inf@bad=\count271
LaTeX Info: Redefining \frac on input line 233.
\uproot@=\count272
\leftroot@=\count273
LaTeX Info: Redefining \overline on input line 398.
LaTeX Info: Redefining \colon on input line 409.
\classnum@=\count274
\DOTSCASE@=\count275
LaTeX Info: Redefining \ldots on input line 502.
LaTeX Info: Redefining \dots on input line 505.
LaTeX Info: Redefining \cdots on input line 638.
\Mathstrutbox@=\box52
\strutbox@=\box53
LaTeX Info: Redefining \big on input line 740.
LaTeX Info: Redefining \Big on input line 741.
LaTeX Info: Redefining \bigg on input line 742.
LaTeX Info: Redefining \Bigg on input line 743.
\big@size=\dimen146
LaTeX Font Info:    Redeclaring font encoding OML on input line 761.
LaTeX Font Info:    Redeclaring font encoding OMS on input line 762.
\macc@depth=\count276
LaTeX Info: Redefining \bmod on input line 923.
LaTeX Info: Redefining \pmod on input line 928.
LaTeX Info: Redefining \smash on input line 958.
LaTeX Info: Redefining \relbar on input line 988.
LaTeX Info: Redefining \Relbar on input line 989.
\c@MaxMatrixCols=\count277
\dotsspace@=\muskip17
\c@parentequation=\count278
\dspbrk@lvl=\count279
\tag@help=\toks19
\row@=\count280
\column@=\count281
\maxfields@=\count282
\andhelp@=\toks20
\eqnshift@=\dimen147
\alignsep@=\dimen148
\tagshift@=\dimen149
\tagwidth@=\dimen150
\totwidth@=\dimen151
\lineht@=\dimen152
\@envbody=\toks21
\multlinegap=\skip52
\multlinetaggap=\skip53
\mathdisplay@stack=\toks22
LaTeX Info: Redefining \[ on input line 2972.
LaTeX Info: Redefining \] on input line 2973.
) (C:\Users\Lenovo\AppData\Local\Programs\MiKTeX\tex/latex/amsfonts\amsfonts.sty
Package: amsfonts 2013/01/14 v3.01 Basic AMSFonts support
\symAMSa=\mathgroup4
\symAMSb=\mathgroup5
LaTeX Font Info:    Redeclaring math symbol \hbar on input line 98.
LaTeX Font Info:    Overwriting math alphabet `\mathfrak' in version `bold'
(Font)                  U/euf/m/n --> U/euf/b/n on input line 106.
) (C:\Users\Lenovo\AppData\Local\Programs\MiKTeX\tex/latex/amsfonts\amssymb.sty
Package: amssymb 2013/01/14 v3.01 AMS font symbols
) (C:\Users\Lenovo\AppData\Local\Programs\MiKTeX\tex/latex/algorithms\algorithm.sty
Package: algorithm 2009/08/24 v0.1 Document Style `algorithm' - floating environment
 (C:\Users\Lenovo\AppData\Local\Programs\MiKTeX\tex/latex/float\float.sty
Package: float 2001/11/08 v1.3d Float enhancements (AL)
\c@float@type=\count283
\float@exts=\toks23
\float@box=\box54
\@float@everytoks=\toks24
\@floatcapt=\box55
) (C:\Users\Lenovo\AppData\Local\Programs\MiKTeX\tex/latex/base\ifthen.sty
Package: ifthen 2024/03/16 v1.1e Standard LaTeX ifthen package (DPC)
)
\@float@every@algorithm=\toks25
\c@algorithm=\count284
) (C:\Users\Lenovo\AppData\Local\Programs\MiKTeX\tex/latex/algorithms\algorithmic.sty
Package: algorithmic 2009/08/24 v0.1 Document Style `algorithmic'
\c@ALC@unique=\count285
\c@ALC@line=\count286
\c@ALC@rem=\count287
\c@ALC@depth=\count288
\ALC@tlm=\skip54
\algorithmicindent=\skip55
) (C:\Users\Lenovo\AppData\Local\Programs\MiKTeX\tex/latex/hyperref\hyperref.sty
Package: hyperref 2024-10-30 v7.01k Hypertext links for LaTeX
 (C:\Users\Lenovo\AppData\Local\Programs\MiKTeX\tex/generic/iftex\iftex.sty
Package: iftex 2022/02/03 v1.0f TeX engine tests
) (C:\Users\Lenovo\AppData\Local\Programs\MiKTeX\tex/latex/kvsetkeys\kvsetkeys.sty
Package: kvsetkeys 2022-10-05 v1.19 Key value parser (HO)
) (C:\Users\Lenovo\AppData\Local\Programs\MiKTeX\tex/generic/kvdefinekeys\kvdefinekeys.sty
Package: kvdefinekeys 2019-12-19 v1.6 Define keys (HO)
) (C:\Users\Lenovo\AppData\Local\Programs\MiKTeX\tex/generic/pdfescape\pdfescape.sty
Package: pdfescape 2019/12/09 v1.15 Implements pdfTeX's escape features (HO)
 (C:\Users\Lenovo\AppData\Local\Programs\MiKTeX\tex/generic/ltxcmds\ltxcmds.sty
Package: ltxcmds 2023-12-04 v1.26 LaTeX kernel commands for general use (HO)
) (C:\Users\Lenovo\AppData\Local\Programs\MiKTeX\tex/generic/pdftexcmds\pdftexcmds.sty
Package: pdftexcmds 2020-06-27 v0.33 Utility functions of pdfTeX for LuaTeX (HO)
 (C:\Users\Lenovo\AppData\Local\Programs\MiKTeX\tex/generic/infwarerr\infwarerr.sty
Package: infwarerr 2019/12/03 v1.5 Providing info/warning/error messages (HO)
)
Package pdftexcmds Info: \pdf@primitive is available.
Package pdftexcmds Info: \pdf@ifprimitive is available.
Package pdftexcmds Info: \pdfdraftmode found.
)) (C:\Users\Lenovo\AppData\Local\Programs\MiKTeX\tex/latex/hycolor\hycolor.sty
Package: hycolor 2020-01-27 v1.10 Color options for hyperref/bookmark (HO)
) (C:\Users\Lenovo\AppData\Local\Programs\MiKTeX\tex/latex/hyperref\nameref.sty
Package: nameref 2023-11-26 v2.56 Cross-referencing by name of section
 (C:\Users\Lenovo\AppData\Local\Programs\MiKTeX\tex/latex/refcount\refcount.sty
Package: refcount 2019/12/15 v3.6 Data extraction from label references (HO)
) (C:\Users\Lenovo\AppData\Local\Programs\MiKTeX\tex/generic/gettitlestring\gettitlestring.sty
Package: gettitlestring 2019/12/15 v1.6 Cleanup title references (HO)
 (C:\Users\Lenovo\AppData\Local\Programs\MiKTeX\tex/latex/kvoptions\kvoptions.sty
Package: kvoptions 2022-06-15 v3.15 Key value format for package options (HO)
))
\c@section@level=\count289
) (C:\Users\Lenovo\AppData\Local\Programs\MiKTeX\tex/latex/etoolbox\etoolbox.sty
Package: etoolbox 2020/10/05 v2.5k e-TeX tools for LaTeX (JAW)
\etb@tempcnta=\count290
) (C:\Users\Lenovo\AppData\Local\Programs\MiKTeX\tex/generic/stringenc\stringenc.sty
Package: stringenc 2019/11/29 v1.12 Convert strings between diff. encodings (HO)
)
\@linkdim=\dimen153
\Hy@linkcounter=\count291
\Hy@pagecounter=\count292
 (C:\Users\Lenovo\AppData\Local\Programs\MiKTeX\tex/latex/hyperref\pd1enc.def
File: pd1enc.def 2024-10-30 v7.01k Hyperref: PDFDocEncoding definition (HO)
Now handling font encoding PD1 ...
... no UTF-8 mapping file for font encoding PD1
) (C:\Users\Lenovo\AppData\Local\Programs\MiKTeX\tex/generic/intcalc\intcalc.sty
Package: intcalc 2019/12/15 v1.3 Expandable calculations with integers (HO)
)
\Hy@SavedSpaceFactor=\count293
 (C:\Users\Lenovo\AppData\Local\Programs\MiKTeX\tex/latex/hyperref\puenc.def
File: puenc.def 2024-10-30 v7.01k Hyperref: PDF Unicode definition (HO)
Now handling font encoding PU ...
... no UTF-8 mapping file for font encoding PU
)
Package hyperref Info: Hyper figures OFF on input line 4157.
Package hyperref Info: Link nesting OFF on input line 4162.
Package hyperref Info: Hyper index ON on input line 4165.
Package hyperref Info: Plain pages OFF on input line 4172.
Package hyperref Info: Backreferencing OFF on input line 4177.
Package hyperref Info: Implicit mode ON; LaTeX internals redefined.
Package hyperref Info: Bookmarks ON on input line 4424.
\c@Hy@tempcnt=\count294
 (C:\Users\Lenovo\AppData\Local\Programs\MiKTeX\tex/latex/url\url.sty
\Urlmuskip=\muskip18
Package: url 2013/09/16  ver 3.4  Verb mode for urls, etc.
)
LaTeX Info: Redefining \url on input line 4763.
\XeTeXLinkMargin=\dimen154
 (C:\Users\Lenovo\AppData\Local\Programs\MiKTeX\tex/generic/bitset\bitset.sty
Package: bitset 2019/12/09 v1.3 Handle bit-vector datatype (HO)
 (C:\Users\Lenovo\AppData\Local\Programs\MiKTeX\tex/generic/bigintcalc\bigintcalc.sty
Package: bigintcalc 2019/12/15 v1.5 Expandable calculations on big integers (HO)
))
\Fld@menulength=\count295
\Field@Width=\dimen155
\Fld@charsize=\dimen156
Package hyperref Info: Hyper figures OFF on input line 6042.
Package hyperref Info: Link nesting OFF on input line 6047.
Package hyperref Info: Hyper index ON on input line 6050.
Package hyperref Info: backreferencing OFF on input line 6057.
Package hyperref Info: Link coloring OFF on input line 6062.
Package hyperref Info: Link coloring with OCG OFF on input line 6067.
Package hyperref Info: PDF/A mode OFF on input line 6072.
 (C:\Users\Lenovo\AppData\Local\Programs\MiKTeX\tex/latex/base\atbegshi-ltx.sty
Package: atbegshi-ltx 2021/01/10 v1.0c Emulation of the original atbegshi
package with kernel methods
)
\Hy@abspage=\count296
\c@Item=\count297
\c@Hfootnote=\count298
)
Package hyperref Info: Driver (autodetected): hpdftex.
 (C:\Users\Lenovo\AppData\Local\Programs\MiKTeX\tex/latex/hyperref\hpdftex.def
File: hpdftex.def 2024-10-30 v7.01k Hyperref driver for pdfTeX
 (C:\Users\Lenovo\AppData\Local\Programs\MiKTeX\tex/latex/base\atveryend-ltx.sty
Package: atveryend-ltx 2020/08/19 v1.0a Emulation of the original atveryend package
with kernel methods
)
\Fld@listcount=\count299
\c@bookmark@seq@number=\count300
 (C:\Users\Lenovo\AppData\Local\Programs\MiKTeX\tex/latex/rerunfilecheck\rerunfilecheck.sty
Package: rerunfilecheck 2022-07-10 v1.10 Rerun checks for auxiliary files (HO)
 (C:\Users\Lenovo\AppData\Local\Programs\MiKTeX\tex/generic/uniquecounter\uniquecounter.sty
Package: uniquecounter 2019/12/15 v1.4 Provide unlimited unique counter (HO)
)
Package uniquecounter Info: New unique counter `rerunfilecheck' on input line 285.
)
\Hy@SectionHShift=\skip56
) (C:\Users\Lenovo\AppData\Local\Programs\MiKTeX\tex/latex/cite\cite.sty
LaTeX Info: Redefining \cite on input line 302.
LaTeX Info: Redefining \nocite on input line 332.
Package: cite 2015/02/27  v 5.5
) (C:\Users\Lenovo\AppData\Local\Programs\MiKTeX\tex/latex/tools\longtable.sty
Package: longtable 2024-10-27 v4.22 Multi-page Table package (DPC)
\LTleft=\skip57
\LTright=\skip58
\LTpre=\skip59
\LTpost=\skip60
\LTchunksize=\count301
\LTcapwidth=\dimen157
\LT@head=\box56
\LT@firsthead=\box57
\LT@foot=\box58
\LT@lastfoot=\box59
\LT@gbox=\box60
\LT@cols=\count302
\LT@rows=\count303
\c@LT@tables=\count304
\c@LT@chunks=\count305
\LT@p@ftn=\toks26
) (C:\Users\Lenovo\AppData\Local\Programs\MiKTeX\tex/latex/tools\array.sty
Package: array 2024/10/17 v2.6g Tabular extension package (FMi)
\col@sep=\dimen158
\ar@mcellbox=\box61
\extrarowheight=\dimen159
\NC@list=\toks27
\extratabsurround=\skip61
\backup@length=\skip62
\ar@cellbox=\box62
) (C:\Users\Lenovo\AppData\Local\Programs\MiKTeX\tex/latex/pgfplots\pgfplots.sty (C:\Users\Lenovo\AppData\Local\Programs\MiKTeX\tex/generic/pgfplots\pgfplots.revision.tex)
Package: pgfplots 2021/05/15 v1.18.1 Data Visualization (1.18.1)
 (C:\Users\Lenovo\AppData\Local\Programs\MiKTeX\tex/latex/pgf/frontendlayer\tikz.sty (C:\Users\Lenovo\AppData\Local\Programs\MiKTeX\tex/latex/pgf/basiclayer\pgf.sty (C:\Users\Lenovo\AppData\Local\Programs\MiKTeX\tex/latex/pgf/utilities\pgfrcs.sty (C:\Users\Lenovo\AppData\Local\Programs\MiKTeX\tex/generic/pgf/utilities\pgfutil-common.tex
\pgfutil@everybye=\toks28
\pgfutil@tempdima=\dimen160
\pgfutil@tempdimb=\dimen161
) (C:\Users\Lenovo\AppData\Local\Programs\MiKTeX\tex/generic/pgf/utilities\pgfutil-latex.def
\pgfutil@abb=\box63
) (C:\Users\Lenovo\AppData\Local\Programs\MiKTeX\tex/generic/pgf/utilities\pgfrcs.code.tex (C:\Users\Lenovo\AppData\Local\Programs\MiKTeX\tex/generic/pgf\pgf.revision.tex)
Package: pgfrcs 2023-01-15 v3.1.10 (3.1.10)
))
Package: pgf 2023-01-15 v3.1.10 (3.1.10)
 (C:\Users\Lenovo\AppData\Local\Programs\MiKTeX\tex/latex/pgf/basiclayer\pgfcore.sty (C:\Users\Lenovo\AppData\Local\Programs\MiKTeX\tex/latex/pgf/systemlayer\pgfsys.sty (C:\Users\Lenovo\AppData\Local\Programs\MiKTeX\tex/generic/pgf/systemlayer\pgfsys.code.tex
Package: pgfsys 2023-01-15 v3.1.10 (3.1.10)
 (C:\Users\Lenovo\AppData\Local\Programs\MiKTeX\tex/generic/pgf/utilities\pgfkeys.code.tex
\pgfkeys@pathtoks=\toks29
\pgfkeys@temptoks=\toks30
 (C:\Users\Lenovo\AppData\Local\Programs\MiKTeX\tex/generic/pgf/utilities\pgfkeyslibraryfiltered.code.tex
\pgfkeys@tmptoks=\toks31
))
\pgf@x=\dimen162
\pgf@y=\dimen163
\pgf@xa=\dimen164
\pgf@ya=\dimen165
\pgf@xb=\dimen166
\pgf@yb=\dimen167
\pgf@xc=\dimen168
\pgf@yc=\dimen169
\pgf@xd=\dimen170
\pgf@yd=\dimen171
\w@pgf@writea=\write3
\r@pgf@reada=\read2
\c@pgf@counta=\count306
\c@pgf@countb=\count307
\c@pgf@countc=\count308
\c@pgf@countd=\count309
\t@pgf@toka=\toks32
\t@pgf@tokb=\toks33
\t@pgf@tokc=\toks34
\pgf@sys@id@count=\count310
 (C:\Users\Lenovo\AppData\Local\Programs\MiKTeX\tex/generic/pgf/systemlayer\pgf.cfg
File: pgf.cfg 2023-01-15 v3.1.10 (3.1.10)
)
Driver file for pgf: pgfsys-pdftex.def
 (C:\Users\Lenovo\AppData\Local\Programs\MiKTeX\tex/generic/pgf/systemlayer\pgfsys-pdftex.def
File: pgfsys-pdftex.def 2023-01-15 v3.1.10 (3.1.10)
 (C:\Users\Lenovo\AppData\Local\Programs\MiKTeX\tex/generic/pgf/systemlayer\pgfsys-common-pdf.def
File: pgfsys-common-pdf.def 2023-01-15 v3.1.10 (3.1.10)
))) (C:\Users\Lenovo\AppData\Local\Programs\MiKTeX\tex/generic/pgf/systemlayer\pgfsyssoftpath.code.tex
File: pgfsyssoftpath.code.tex 2023-01-15 v3.1.10 (3.1.10)
\pgfsyssoftpath@smallbuffer@items=\count311
\pgfsyssoftpath@bigbuffer@items=\count312
) (C:\Users\Lenovo\AppData\Local\Programs\MiKTeX\tex/generic/pgf/systemlayer\pgfsysprotocol.code.tex
File: pgfsysprotocol.code.tex 2023-01-15 v3.1.10 (3.1.10)
)) (C:\Users\Lenovo\AppData\Local\Programs\MiKTeX\tex/latex/xcolor\xcolor.sty
Package: xcolor 2024/09/29 v3.02 LaTeX color extensions (UK)
 (C:\Users\Lenovo\AppData\Local\Programs\MiKTeX\tex/latex/graphics-cfg\color.cfg
File: color.cfg 2016/01/02 v1.6 sample color configuration
)
Package xcolor Info: Driver file: pdftex.def on input line 274.
 (C:\Users\Lenovo\AppData\Local\Programs\MiKTeX\tex/latex/graphics\mathcolor.ltx)
Package xcolor Info: Model `cmy' substituted by `cmy0' on input line 1349.
Package xcolor Info: Model `hsb' substituted by `rgb' on input line 1353.
Package xcolor Info: Model `RGB' extended on input line 1365.
Package xcolor Info: Model `HTML' substituted by `rgb' on input line 1367.
Package xcolor Info: Model `Hsb' substituted by `hsb' on input line 1368.
Package xcolor Info: Model `tHsb' substituted by `hsb' on input line 1369.
Package xcolor Info: Model `HSB' substituted by `hsb' on input line 1370.
Package xcolor Info: Model `Gray' substituted by `gray' on input line 1371.
Package xcolor Info: Model `wave' substituted by `hsb' on input line 1372.
) (C:\Users\Lenovo\AppData\Local\Programs\MiKTeX\tex/generic/pgf/basiclayer\pgfcore.code.tex
Package: pgfcore 2023-01-15 v3.1.10 (3.1.10)
 (C:\Users\Lenovo\AppData\Local\Programs\MiKTeX\tex/generic/pgf/math\pgfmath.code.tex (C:\Users\Lenovo\AppData\Local\Programs\MiKTeX\tex/generic/pgf/math\pgfmathutil.code.tex) (C:\Users\Lenovo\AppData\Local\Programs\MiKTeX\tex/generic/pgf/math\pgfmathparser.code.tex
\pgfmath@dimen=\dimen172
\pgfmath@count=\count313
\pgfmath@box=\box64
\pgfmath@toks=\toks35
\pgfmath@stack@operand=\toks36
\pgfmath@stack@operation=\toks37
) (C:\Users\Lenovo\AppData\Local\Programs\MiKTeX\tex/generic/pgf/math\pgfmathfunctions.code.tex) (C:\Users\Lenovo\AppData\Local\Programs\MiKTeX\tex/generic/pgf/math\pgfmathfunctions.basic.code.tex) (C:\Users\Lenovo\AppData\Local\Programs\MiKTeX\tex/generic/pgf/math\pgfmathfunctions.trigonometric.code.tex) (C:\Users\Lenovo\AppData\Local\Programs\MiKTeX\tex/generic/pgf/math\pgfmathfunctions.random.code.tex) (C:\Users\Lenovo\AppData\Local\Programs\MiKTeX\tex/generic/pgf/math\pgfmathfunctions.comparison.code.tex) (C:\Users\Lenovo\AppData\Local\Programs\MiKTeX\tex/generic/pgf/math\pgfmathfunctions.base.code.tex) (C:\Users\Lenovo\AppData\Local\Programs\MiKTeX\tex/generic/pgf/math\pgfmathfunctions.round.code.tex) (C:\Users\Lenovo\AppData\Local\Programs\MiKTeX\tex/generic/pgf/math\pgfmathfunctions.misc.code.tex) (C:\Users\Lenovo\AppData\Local\Programs\MiKTeX\tex/generic/pgf/math\pgfmathfunctions.integerarithmetics.code.tex) (C:\Users\Lenovo\AppData\Local\Programs\MiKTeX\tex/generic/pgf/math\pgfmathcalc.code.tex) (C:\Users\Lenovo\AppData\Local\Programs\MiKTeX\tex/generic/pgf/math\pgfmathfloat.code.tex
\c@pgfmathroundto@lastzeros=\count314
)) (C:\Users\Lenovo\AppData\Local\Programs\MiKTeX\tex/generic/pgf/math\pgfint.code.tex) (C:\Users\Lenovo\AppData\Local\Programs\MiKTeX\tex/generic/pgf/basiclayer\pgfcorepoints.code.tex
File: pgfcorepoints.code.tex 2023-01-15 v3.1.10 (3.1.10)
\pgf@picminx=\dimen173
\pgf@picmaxx=\dimen174
\pgf@picminy=\dimen175
\pgf@picmaxy=\dimen176
\pgf@pathminx=\dimen177
\pgf@pathmaxx=\dimen178
\pgf@pathminy=\dimen179
\pgf@pathmaxy=\dimen180
\pgf@xx=\dimen181
\pgf@xy=\dimen182
\pgf@yx=\dimen183
\pgf@yy=\dimen184
\pgf@zx=\dimen185
\pgf@zy=\dimen186
) (C:\Users\Lenovo\AppData\Local\Programs\MiKTeX\tex/generic/pgf/basiclayer\pgfcorepathconstruct.code.tex
File: pgfcorepathconstruct.code.tex 2023-01-15 v3.1.10 (3.1.10)
\pgf@path@lastx=\dimen187
\pgf@path@lasty=\dimen188
) (C:\Users\Lenovo\AppData\Local\Programs\MiKTeX\tex/generic/pgf/basiclayer\pgfcorepathusage.code.tex
File: pgfcorepathusage.code.tex 2023-01-15 v3.1.10 (3.1.10)
\pgf@shorten@end@additional=\dimen189
\pgf@shorten@start@additional=\dimen190
) (C:\Users\Lenovo\AppData\Local\Programs\MiKTeX\tex/generic/pgf/basiclayer\pgfcorescopes.code.tex
File: pgfcorescopes.code.tex 2023-01-15 v3.1.10 (3.1.10)
\pgfpic=\box65
\pgf@hbox=\box66
\pgf@layerbox@main=\box67
\pgf@picture@serial@count=\count315
) (C:\Users\Lenovo\AppData\Local\Programs\MiKTeX\tex/generic/pgf/basiclayer\pgfcoregraphicstate.code.tex
File: pgfcoregraphicstate.code.tex 2023-01-15 v3.1.10 (3.1.10)
\pgflinewidth=\dimen191
) (C:\Users\Lenovo\AppData\Local\Programs\MiKTeX\tex/generic/pgf/basiclayer\pgfcoretransformations.code.tex
File: pgfcoretransformations.code.tex 2023-01-15 v3.1.10 (3.1.10)
\pgf@pt@x=\dimen192
\pgf@pt@y=\dimen193
\pgf@pt@temp=\dimen194
) (C:\Users\Lenovo\AppData\Local\Programs\MiKTeX\tex/generic/pgf/basiclayer\pgfcorequick.code.tex
File: pgfcorequick.code.tex 2023-01-15 v3.1.10 (3.1.10)
) (C:\Users\Lenovo\AppData\Local\Programs\MiKTeX\tex/generic/pgf/basiclayer\pgfcoreobjects.code.tex
File: pgfcoreobjects.code.tex 2023-01-15 v3.1.10 (3.1.10)
) (C:\Users\Lenovo\AppData\Local\Programs\MiKTeX\tex/generic/pgf/basiclayer\pgfcorepathprocessing.code.tex
File: pgfcorepathprocessing.code.tex 2023-01-15 v3.1.10 (3.1.10)
) (C:\Users\Lenovo\AppData\Local\Programs\MiKTeX\tex/generic/pgf/basiclayer\pgfcorearrows.code.tex
File: pgfcorearrows.code.tex 2023-01-15 v3.1.10 (3.1.10)
\pgfarrowsep=\dimen195
) (C:\Users\Lenovo\AppData\Local\Programs\MiKTeX\tex/generic/pgf/basiclayer\pgfcoreshade.code.tex
File: pgfcoreshade.code.tex 2023-01-15 v3.1.10 (3.1.10)
\pgf@max=\dimen196
\pgf@sys@shading@range@num=\count316
\pgf@shadingcount=\count317
) (C:\Users\Lenovo\AppData\Local\Programs\MiKTeX\tex/generic/pgf/basiclayer\pgfcoreimage.code.tex
File: pgfcoreimage.code.tex 2023-01-15 v3.1.10 (3.1.10)
) (C:\Users\Lenovo\AppData\Local\Programs\MiKTeX\tex/generic/pgf/basiclayer\pgfcoreexternal.code.tex
File: pgfcoreexternal.code.tex 2023-01-15 v3.1.10 (3.1.10)
\pgfexternal@startupbox=\box68
) (C:\Users\Lenovo\AppData\Local\Programs\MiKTeX\tex/generic/pgf/basiclayer\pgfcorelayers.code.tex
File: pgfcorelayers.code.tex 2023-01-15 v3.1.10 (3.1.10)
) (C:\Users\Lenovo\AppData\Local\Programs\MiKTeX\tex/generic/pgf/basiclayer\pgfcoretransparency.code.tex
File: pgfcoretransparency.code.tex 2023-01-15 v3.1.10 (3.1.10)
) (C:\Users\Lenovo\AppData\Local\Programs\MiKTeX\tex/generic/pgf/basiclayer\pgfcorepatterns.code.tex
File: pgfcorepatterns.code.tex 2023-01-15 v3.1.10 (3.1.10)
) (C:\Users\Lenovo\AppData\Local\Programs\MiKTeX\tex/generic/pgf/basiclayer\pgfcorerdf.code.tex
File: pgfcorerdf.code.tex 2023-01-15 v3.1.10 (3.1.10)
))) (C:\Users\Lenovo\AppData\Local\Programs\MiKTeX\tex/generic/pgf/modules\pgfmoduleshapes.code.tex
File: pgfmoduleshapes.code.tex 2023-01-15 v3.1.10 (3.1.10)
\pgfnodeparttextbox=\box69
) (C:\Users\Lenovo\AppData\Local\Programs\MiKTeX\tex/generic/pgf/modules\pgfmoduleplot.code.tex
File: pgfmoduleplot.code.tex 2023-01-15 v3.1.10 (3.1.10)
) (C:\Users\Lenovo\AppData\Local\Programs\MiKTeX\tex/latex/pgf/compatibility\pgfcomp-version-0-65.sty
Package: pgfcomp-version-0-65 2023-01-15 v3.1.10 (3.1.10)
\pgf@nodesepstart=\dimen197
\pgf@nodesepend=\dimen198
) (C:\Users\Lenovo\AppData\Local\Programs\MiKTeX\tex/latex/pgf/compatibility\pgfcomp-version-1-18.sty
Package: pgfcomp-version-1-18 2023-01-15 v3.1.10 (3.1.10)
)) (C:\Users\Lenovo\AppData\Local\Programs\MiKTeX\tex/latex/pgf/utilities\pgffor.sty (C:\Users\Lenovo\AppData\Local\Programs\MiKTeX\tex/latex/pgf/utilities\pgfkeys.sty (C:\Users\Lenovo\AppData\Local\Programs\MiKTeX\tex/generic/pgf/utilities\pgfkeys.code.tex)) (C:\Users\Lenovo\AppData\Local\Programs\MiKTeX\tex/latex/pgf/math\pgfmath.sty (C:\Users\Lenovo\AppData\Local\Programs\MiKTeX\tex/generic/pgf/math\pgfmath.code.tex)) (C:\Users\Lenovo\AppData\Local\Programs\MiKTeX\tex/generic/pgf/utilities\pgffor.code.tex
Package: pgffor 2023-01-15 v3.1.10 (3.1.10)
\pgffor@iter=\dimen199
\pgffor@skip=\dimen256
\pgffor@stack=\toks38
\pgffor@toks=\toks39
)) (C:\Users\Lenovo\AppData\Local\Programs\MiKTeX\tex/generic/pgf/frontendlayer/tikz\tikz.code.tex
Package: tikz 2023-01-15 v3.1.10 (3.1.10)
 (C:\Users\Lenovo\AppData\Local\Programs\MiKTeX\tex/generic/pgf/libraries\pgflibraryplothandlers.code.tex
File: pgflibraryplothandlers.code.tex 2023-01-15 v3.1.10 (3.1.10)
\pgf@plot@mark@count=\count318
\pgfplotmarksize=\dimen257
)
\tikz@lastx=\dimen258
\tikz@lasty=\dimen259
\tikz@lastxsaved=\dimen260
\tikz@lastysaved=\dimen261
\tikz@lastmovetox=\dimen262
\tikz@lastmovetoy=\dimen263
\tikzleveldistance=\dimen264
\tikzsiblingdistance=\dimen265
\tikz@figbox=\box70
\tikz@figbox@bg=\box71
\tikz@tempbox=\box72
\tikz@tempbox@bg=\box73
\tikztreelevel=\count319
\tikznumberofchildren=\count320
\tikznumberofcurrentchild=\count321
\tikz@fig@count=\count322
 (C:\Users\Lenovo\AppData\Local\Programs\MiKTeX\tex/generic/pgf/modules\pgfmodulematrix.code.tex
File: pgfmodulematrix.code.tex 2023-01-15 v3.1.10 (3.1.10)
\pgfmatrixcurrentrow=\count323
\pgfmatrixcurrentcolumn=\count324
\pgf@matrix@numberofcolumns=\count325
)
\tikz@expandcount=\count326
 (C:\Users\Lenovo\AppData\Local\Programs\MiKTeX\tex/generic/pgf/frontendlayer/tikz/libraries\tikzlibrarytopaths.code.tex
File: tikzlibrarytopaths.code.tex 2023-01-15 v3.1.10 (3.1.10)
))) (C:\Users\Lenovo\AppData\Local\Programs\MiKTeX\tex/generic/pgfplots\pgfplots.code.tex (C:\Users\Lenovo\AppData\Local\Programs\MiKTeX\tex/generic/pgfplots\pgfplotscore.code.tex
\t@pgfplots@toka=\toks40
\t@pgfplots@tokb=\toks41
\t@pgfplots@tokc=\toks42
\pgfplots@tmpa=\dimen266
\c@pgfplots@coordindex=\count327
\c@pgfplots@scanlineindex=\count328
 (C:\Users\Lenovo\AppData\Local\Programs\MiKTeX\tex/generic/pgfplots/sys\pgfplotssysgeneric.code.tex))
(C:\Users\Lenovo\AppData\Local\Programs\MiKTeX\tex/generic/pgfplots/libs\pgfplotslibrary.code.tex) (C:\Users\Lenovo\AppData\Local\Programs\MiKTeX\tex/generic/pgfplots/oldpgfcompatib\pgfplotsoldpgfsupp_loader.code.tex (C:\Users\Lenovo\AppData\Local\Programs\MiKTeX\tex/generic/pgf/libraries\pgflibraryfpu.code.tex)
Package pgfplots: loading complementary utilities for your pgf version...
\t@pgf@toka=\toks43
\t@pgf@tokb=\toks44
\t@pgf@tokc=\toks45
(C:\Users\Lenovo\AppData\Local\Programs\MiKTeX\tex/generic/pgfplots/oldpgfcompatib\pgfplotsoldpgfsupp_pgfutil-common-lists.tex)) (C:\Users\Lenovo\AppData\Local\Programs\MiKTeX\tex/generic/pgfplots/util\pgfplotsutil.code.tex (C:\Users\Lenovo\AppData\Local\Programs\MiKTeX\tex/generic/pgfplots/liststructure\pgfplotsliststructure.code.tex) (C:\Users\Lenovo\AppData\Local\Programs\MiKTeX\tex/generic/pgfplots/liststructure\pgfplotsliststructureext.code.tex) (C:\Users\Lenovo\AppData\Local\Programs\MiKTeX\tex/generic/pgfplots/liststructure\pgfplotsarray.code.tex
\c@pgfplotsarray@tmp=\count329
) (C:\Users\Lenovo\AppData\Local\Programs\MiKTeX\tex/generic/pgfplots/liststructure\pgfplotsmatrix.code.tex) (C:\Users\Lenovo\AppData\Local\Programs\MiKTeX\tex/generic/pgfplots/numtable\pgfplotstableshared.code.tex
\c@pgfplotstable@counta=\count330
\t@pgfplotstable@a=\toks46
) (C:\Users\Lenovo\AppData\Local\Programs\MiKTeX\tex/generic/pgfplots/liststructure\pgfplotsdeque.code.tex) (C:\Users\Lenovo\AppData\Local\Programs\MiKTeX\tex/generic/pgfplots/util\pgfplotsbinary.code.tex (C:\Users\Lenovo\AppData\Local\Programs\MiKTeX\tex/generic/pgfplots/util\pgfplotsbinary.data.code.tex)) (C:\Users\Lenovo\AppData\Local\Programs\MiKTeX\tex/generic/pgfplots/util\pgfplotsutil.verb.code.tex) (C:\Users\Lenovo\AppData\Local\Programs\MiKTeX\tex/generic/pgfplots/libs\pgflibrarypgfplots.surfshading.code.tex
\c@pgfplotslibrarysurf@no=\count331
 (C:\Users\Lenovo\AppData\Local\Programs\MiKTeX\tex/generic/pgfplots/sys\pgflibrarypgfplots.surfshading.pgfsys-pdftex.def))) (C:\Users\Lenovo\AppData\Local\Programs\MiKTeX\tex/generic/pgfplots/util\pgfplotscolormap.code.tex (C:\Users\Lenovo\AppData\Local\Programs\MiKTeX\tex/generic/pgfplots/util\pgfplotscolor.code.tex)) (C:\Users\Lenovo\AppData\Local\Programs\MiKTeX\tex/generic/pgfplots\pgfplotsstackedplots.code.tex) (C:\Users\Lenovo\AppData\Local\Programs\MiKTeX\tex/generic/pgfplots\pgfplotsplothandlers.code.tex (C:\Users\Lenovo\AppData\Local\Programs\MiKTeX\tex/generic/pgfplots\pgfplotsmeshplothandler.code.tex (C:\Users\Lenovo\AppData\Local\Programs\MiKTeX\tex/generic/pgfplots\pgfplotsmeshplotimage.code.tex))) (C:\Users\Lenovo\AppData\Local\Programs\MiKTeX\tex/generic/pgfplots\pgfplots.scaling.code.tex) (C:\Users\Lenovo\AppData\Local\Programs\MiKTeX\tex/generic/pgfplots\pgfplotscoordprocessing.code.tex) (C:\Users\Lenovo\AppData\Local\Programs\MiKTeX\tex/generic/pgfplots\pgfplots.errorbars.code.tex) (C:\Users\Lenovo\AppData\Local\Programs\MiKTeX\tex/generic/pgfplots\pgfplots.markers.code.tex) (C:\Users\Lenovo\AppData\Local\Programs\MiKTeX\tex/generic/pgfplots\pgfplotsticks.code.tex) (C:\Users\Lenovo\AppData\Local\Programs\MiKTeX\tex/generic/pgfplots\pgfplots.paths.code.tex) (C:\Users\Lenovo\AppData\Local\Programs\MiKTeX\tex/generic/pgf/frontendlayer/tikz/libraries\tikzlibrarydecorations.code.tex (C:\Users\Lenovo\AppData\Local\Programs\MiKTeX\tex/generic/pgf/modules\pgfmoduledecorations.code.tex
\pgfdecoratedcompleteddistance=\dimen267
\pgfdecoratedremainingdistance=\dimen268
\pgfdecoratedinputsegmentcompleteddistance=\dimen269
\pgfdecoratedinputsegmentremainingdistance=\dimen270
\pgf@decorate@distancetomove=\dimen271
\pgf@decorate@repeatstate=\count332
\pgfdecorationsegmentamplitude=\dimen272
\pgfdecorationsegmentlength=\dimen273
)
\tikz@lib@dec@box=\box74
) (C:\Users\Lenovo\AppData\Local\Programs\MiKTeX\tex/generic/pgf/frontendlayer/tikz/libraries\tikzlibrarydecorations.pathmorphing.code.tex (C:\Users\Lenovo\AppData\Local\Programs\MiKTeX\tex/generic/pgf/libraries/decorations\pgflibrarydecorations.pathmorphing.code.tex)) (C:\Users\Lenovo\AppData\Local\Programs\MiKTeX\tex/generic/pgf/frontendlayer/tikz/libraries\tikzlibrarydecorations.pathreplacing.code.tex (C:\Users\Lenovo\AppData\Local\Programs\MiKTeX\tex/generic/pgf/libraries/decorations\pgflibrarydecorations.pathreplacing.code.tex)) (C:\Users\Lenovo\AppData\Local\Programs\MiKTeX\tex/generic/pgfplots/libs\tikzlibrarypgfplots.contourlua.code.tex)
\pgfplots@numplots=\count333
\pgfplots@xmin@reg=\dimen274
\pgfplots@xmax@reg=\dimen275
\pgfplots@ymin@reg=\dimen276
\pgfplots@ymax@reg=\dimen277
\pgfplots@zmin@reg=\dimen278
\pgfplots@zmax@reg=\dimen279
) (C:\Users\Lenovo\AppData\Local\Programs\MiKTeX\tex/generic/pgf/frontendlayer/tikz/libraries\tikzlibraryplotmarks.code.tex
File: tikzlibraryplotmarks.code.tex 2023-01-15 v3.1.10 (3.1.10)
 (C:\Users\Lenovo\AppData\Local\Programs\MiKTeX\tex/generic/pgf/libraries\pgflibraryplotmarks.code.tex
File: pgflibraryplotmarks.code.tex 2023-01-15 v3.1.10 (3.1.10)
))) (C:\Users\Lenovo\AppData\Local\Programs\MiKTeX\tex/latex/natbib\natbib.sty
Package: natbib 2010/09/13 8.31b (PWD, AO)


Package natbib Warning: The `cite' package should not be used
(natbib)                with natbib. Use option `sort' instead.

\bibhang=\skip63
\bibsep=\skip64
LaTeX Info: Redefining \cite on input line 694.
LaTeX Info: Redefining \citenum on input line 708.
\c@NAT@ctr=\count334
) (C:\Users\Lenovo\AppData\Local\Programs\MiKTeX\tex/latex/geometry\geometry.sty
Package: geometry 2020/01/02 v5.9 Page Geometry
 (C:\Users\Lenovo\AppData\Local\Programs\MiKTeX\tex/generic/iftex\ifvtex.sty
Package: ifvtex 2019/10/25 v1.7 ifvtex legacy package. Use iftex instead.
)
\Gm@cnth=\count335
\Gm@cntv=\count336
\c@Gm@tempcnt=\count337
\Gm@bindingoffset=\dimen280
\Gm@wd@mp=\dimen281
\Gm@odd@mp=\dimen282
\Gm@even@mp=\dimen283
\Gm@layoutwidth=\dimen284
\Gm@layoutheight=\dimen285
\Gm@layouthoffset=\dimen286
\Gm@layoutvoffset=\dimen287
\Gm@dimlist=\toks47
 (C:\Users\Lenovo\AppData\Local\Programs\MiKTeX\tex/latex/geometry\geometry.cfg)) (C:\Users\Lenovo\AppData\Local\Programs\MiKTeX\tex/latex/setspace\setspace.sty
Package: setspace 2022/12/04 v6.7b set line spacing
) (C:\Users\Lenovo\AppData\Local\Programs\MiKTeX\tex/latex/l3backend\l3backend-pdftex.def
File: l3backend-pdftex.def 2024-05-08 L3 backend support: PDF output (pdfTeX)
\l__color_backend_stack_int=\count338
\l__pdf_internal_box=\box75
) (MOEA_for_EVCS_Infrastructure.aux)
\openout1 = `MOEA_for_EVCS_Infrastructure.aux'.

LaTeX Font Info:    Checking defaults for OML/cmm/m/it on input line 23.
LaTeX Font Info:    ... okay on input line 23.
LaTeX Font Info:    Checking defaults for OMS/cmsy/m/n on input line 23.
LaTeX Font Info:    ... okay on input line 23.
LaTeX Font Info:    Checking defaults for OT1/cmr/m/n on input line 23.
LaTeX Font Info:    ... okay on input line 23.
LaTeX Font Info:    Checking defaults for T1/cmr/m/n on input line 23.
LaTeX Font Info:    ... okay on input line 23.
LaTeX Font Info:    Checking defaults for TS1/cmr/m/n on input line 23.
LaTeX Font Info:    ... okay on input line 23.
LaTeX Font Info:    Checking defaults for OMX/cmex/m/n on input line 23.
LaTeX Font Info:    ... okay on input line 23.
LaTeX Font Info:    Checking defaults for U/cmr/m/n on input line 23.
LaTeX Font Info:    ... okay on input line 23.
LaTeX Font Info:    Checking defaults for PD1/pdf/m/n on input line 23.
LaTeX Font Info:    ... okay on input line 23.
LaTeX Font Info:    Checking defaults for PU/pdf/m/n on input line 23.
LaTeX Font Info:    ... okay on input line 23.
 (C:\Users\Lenovo\AppData\Local\Programs\MiKTeX\tex/context/base/mkii\supp-pdf.mkii
[Loading MPS to PDF converter (version 2006.09.02).]
\scratchcounter=\count339
\scratchdimen=\dimen288
\scratchbox=\box76
\nofMPsegments=\count340
\nofMParguments=\count341
\everyMPshowfont=\toks48
\MPscratchCnt=\count342
\MPscratchDim=\dimen289
\MPnumerator=\count343
\makeMPintoPDFobject=\count344
\everyMPtoPDFconversion=\toks49
) (C:\Users\Lenovo\AppData\Local\Programs\MiKTeX\tex/latex/epstopdf-pkg\epstopdf-base.sty
Package: epstopdf-base 2020-01-24 v2.11 Base part for package epstopdf
Package epstopdf-base Info: Redefining graphics rule for `.eps' on input line 485.
 (C:\Users\Lenovo\AppData\Local\Programs\MiKTeX\tex/latex/00miktex\epstopdf-sys.cfg
File: epstopdf-sys.cfg 2021/03/18 v2.0 Configuration of epstopdf for MiKTeX
))
Package hyperref Info: Link coloring OFF on input line 23.
\@outlinefile=\write4
\openout4 = `MOEA_for_EVCS_Infrastructure.out'.



Package pgfplots Warning: running in backwards compatibility mode (unsuitable tick labels; missing features). Consider writing \pgfplotsset{compat=1.18} into your preamble.
 on input line 23.

*geometry* driver: auto-detecting
*geometry* detected driver: pdftex
*geometry* verbose mode - [ preamble ] result:
* driver: pdftex
* paper: a4paper
* layout: <same size as paper>
* layoutoffset:(h,v)=(0.0pt,0.0pt)
* modes: 
* h-part:(L,W,R)=(81.94394pt, 433.62pt, 81.94394pt)
* v-part:(T,H,B)=(106.75473pt, 578.15999pt, 160.13213pt)
* \paperwidth=597.50787pt
* \paperheight=845.04684pt
* \textwidth=433.62pt
* \textheight=578.15999pt
* \oddsidemargin=9.67395pt
* \evensidemargin=9.67395pt
* \topmargin=-2.51526pt
* \headheight=12.0pt
* \headsep=25.0pt
* \topskip=12.0pt
* \footskip=30.0pt
* \marginparwidth=44.0pt
* \marginparsep=10.0pt
* \columnsep=10.0pt
* \skip\footins=10.8pt plus 4.0pt minus 2.0pt
* \hoffset=0.0pt
* \voffset=0.0pt
* \mag=1000
* \@twocolumnfalse
* \@twosidefalse
* \@mparswitchfalse
* \@reversemarginfalse
* (1in=72.27pt=25.4mm, 1cm=28.453pt)



[1

{C:/Users/Lenovo/AppData/Local/MiKTeX/fonts/map/pdftex/pdftex.map}]
No file MOEA_for_EVCS_Infrastructure.toc.
\tf@toc=\write5
\openout5 = `MOEA_for_EVCS_Infrastructure.toc'.




pdfTeX warning (ext4): destination with the same identifier (name{page.1}) has been already used, duplicate ignored
<to be read again> 
                   \relax 
l.44 \newpage
              [1

]
No file MOEA_for_EVCS_Infrastructure.lof.
\tf@lof=\write6
\openout6 = `MOEA_for_EVCS_Infrastructure.lof'.

(abstract.tex

[2

]
LaTeX Font Info:    Trying to load font information for U+msa on input line 6.
 (C:\Users\Lenovo\AppData\Local\Programs\MiKTeX\tex/latex/amsfonts\umsa.fd
File: umsa.fd 2013/01/14 v3.01 AMS symbols A
)
LaTeX Font Info:    Trying to load font information for U+msb on input line 6.
 (C:\Users\Lenovo\AppData\Local\Programs\MiKTeX\tex/latex/amsfonts\umsb.fd
File: umsb.fd 2013/01/14 v3.01 AMS symbols B
)


pdfTeX warning (ext4): destination with the same identifier (name{page.1}) has been already used, duplicate ignored
<to be read again> 
                   \relax 
l.9 
     [1]


pdfTeX warning (ext4): destination with the same identifier (name{page.2}) has been already used, duplicate ignored
<to be read again> 
                   \relax 
l.11     \end{abstract}
                        [2])
Chapter 1.
(intro.tex


pdfTeX warning (ext4): destination with the same identifier (name{page.1}) has been already used, duplicate ignored
<to be read again> 
                   \relax 
l.8 
     [1

]


pdfTeX warning (ext4): destination with the same identifier (name{page.2}) has been already used, duplicate ignored
<to be read again> 
                   \relax 
l.20 
      [2]

[3]

[4]
Overfull \hbox (0.71301pt too wide) in paragraph at lines 56--57
[]\OT1/cmr/m/n/12 Investigate multi-objective evo-lu-tion-ary al-go-rithms (MOEAs) to solve the EVCS
 []


Overfull \hbox (0.49911pt too wide) in paragraph at lines 57--58
[]\OT1/cmr/m/n/12 Optimize mul-ti-ple ob-jec-tives si-mul-ta-ne-ously, such as cov-er-age, num-ber of EVCS,
 []



[5])

[6]
Chapter 2.
(background.tex

Package natbib Warning: Citation `RAC' on page 7 undefined on input line 16.



[7

]

Package natbib Warning: Citation `Alternative Fuels Data Center' on page 8 undefined on input line 18.


Package natbib Warning: Citation `Alternative Fuels Data Center' on page 8 undefined on input line 25.


Package natbib Warning: Citation `Alternative Fuels Data Center' on page 8 undefined on input line 25.


Package natbib Warning: Citation `RAC' on page 8 undefined on input line 25.


Package natbib Warning: Citation `DC Fast Chargers for Electric Vehicles' on page 8 undefined on input line 29.


Package natbib Warning: Citation `Lifewire' on page 8 undefined on input line 32.


Package natbib Warning: Citation `Alternative Fuels Data Center' on page 8 undefined on input line 32.


Package natbib Warning: Citation `Alternative Fuels Data Center' on page 8 undefined on input line 33.



[8]

Package natbib Warning: Citation `Alternative Fuels Data Center' on page 9 undefined on input line 42.


Package natbib Warning: Citation `Alternative Fuels Data Center' on page 9 undefined on input line 65.



[9]

Package natbib Warning: Citation `Alternative Fuels Data Center' on page 10 undefined on input line 67.

<../Figures/EV_connecters.PNG, id=74, 542.025pt x 265.99374pt>
File: ../Figures/EV_connecters.PNG Graphic file (type png)
<use ../Figures/EV_connecters.PNG>
Package pdftex.def Info: ../Figures/EV_connecters.PNG  used on input line 74.
(pdftex.def)             Requested size: 346.89731pt x 170.24353pt.

Package natbib Warning: Citation `Alternative Fuels Data Center' on page 10 undefined on input line 75.



[10 <../Figures/EV_connecters.PNG>]

Package natbib Warning: Citation `U.S. Department of Transportation' on page 11 undefined on input line 80.

<../Figures/EVC_Levels.png, id=82, 362.007pt x 267.618pt>
File: ../Figures/EVC_Levels.png Graphic file (type png)
<use ../Figures/EVC_Levels.png>
Package pdftex.def Info: ../Figures/EVC_Levels.png  used on input line 84.
(pdftex.def)             Requested size: 346.89731pt x 256.4489pt.


[11

 <../Figures/EVC_Levels.png>]

Package natbib Warning: Citation `Multi-Objective Optimization using Evolutionary Algorithms' on page 12 undefined on input line 96.


Package natbib Warning: Citation `Multi-Objective Optimization using Evolutionary Algorithms' on page 12 undefined on input line 98.


Package natbib Warning: Citation `Nonlinear multiobjective optimization' on page 12 undefined on input line 100.


Package natbib Warning: Citation `Multi-objective' on page 12 undefined on input line 118.


Package natbib Warning: Citation `An efficient neural architecture search system' on page 12 undefined on input line 120.



[12]

Package natbib Warning: Citation `Nonlinear multiobjective optimization' on page 13 undefined on input line 125.


Package natbib Warning: Citation `Nonlinear multiobjective optimization' on page 13 undefined on input line 125.


Package natbib Warning: Citation `Nonlinear multiobjective optimization' on page 13 undefined on input line 127.


Package natbib Warning: Citation `Nonlinear multiobjective optimization' on page 13 undefined on input line 129.


Package natbib Warning: Citation `Survey of multi-objective optimization methods' on page 13 undefined on input line 131.


Package natbib Warning: Citation `Nonlinear multiobjective optimization' on page 13 undefined on input line 133.



[13]

Package natbib Warning: Citation `Nonlinear multiobjective optimization' on page 14 undefined on input line 135.


Package natbib Warning: Citation `Nonlinear multiobjective optimization' on page 14 undefined on input line 142.


Package natbib Warning: Citation `Multi-Objective Optimization using Evolutionary Algorithms' on page 14 undefined on input line 142.



[14]

Package natbib Warning: Citation `Evolutionary algorithms in theory and practice' on page 15 undefined on input line 147.


Package natbib Warning: Citation `Multi-Objective Optimization using Evolutionary Algorithms' on page 15 undefined on input line 147.


Overfull \hbox (3.65881pt too wide) in paragraph at lines 147--148
[]\OT1/cmr/m/n/12 Evolutionary Al-go-rithms (EAs) are population-based, stochas-tic op-ti-miza-tion tech-
 []


Package natbib Warning: Citation `Multi-Objective Optimization using Evolutionary Algorithms' on page 15 undefined on input line 149.


Package natbib Warning: Citation `Evolutionary algorithms in theory and practice' on page 15 undefined on input line 158.


Overfull \hbox (47.06575pt too wide) in paragraph at lines 164--164
[]\OT1/cmr/bx/n/17.28 Multi-Objective Evo-lu-tion-ary Al-go-rithms (MOEAs) 
 []


Package natbib Warning: Citation `Evolutionary Multi-objective Optimization: A Historical View of the Field' on page 15 undefined on input line 166.



[15]

Package natbib Warning: Citation `Evolutionary Multi-objective Optimization: A Historical View of the Field' on page 16 undefined on input line 168.


Package natbib Warning: Citation `Evolutionary Multi-objective Optimization: A Historical View of the Field' on page 16 undefined on input line 176.


Package natbib Warning: Citation `IEEE Transactions on Evolutionary Computation' on page 16 undefined on input line 180.


Package natbib Warning: Citation `IEEE Transactions on Evolutionary Computation' on page 16 undefined on input line 182.



[16]

Package natbib Warning: Citation `IEEE Transactions on Evolutionary Computation' on page 17 undefined on input line 189.


Package natbib Warning: Citation `deb2002nsga2' on page 17 undefined on input line 189.



[17]

LaTeX Warning: Reference `fig:nsga_flowchart' on page 18 undefined on input line 209.


Package natbib Warning: Citation `deb2002nsga2' on page 18 undefined on input line 209.

<../Figures/nsga-flowchart.PNG, id=136, 513.92pt x 304.63812pt>
File: ../Figures/nsga-flowchart.PNG Graphic file (type png)
<use ../Figures/nsga-flowchart.PNG>
Package pdftex.def Info: ../Figures/nsga-flowchart.PNG  used on input line 211.
(pdftex.def)             Requested size: 346.89731pt x 205.63579pt.

Package natbib Warning: Citation `IEEE Transactions on Evolutionary Computation' on page 18 undefined on input line 216.


Package natbib Warning: Citation `Multi-Objective Optimization using Evolutionary Algorithms' on page 18 undefined on input line 216.

)

[18 <../Figures/nsga-flowchart.PNG>]
Chapter 3.
(literature.tex

Package hyperref Warning: Difference (2) between bookmark levels is greater 
(hyperref)                than one, level fixed on input line 4.


Package natbib Warning: Citation `A multi-objective optimization model for electric vehicle charging station location planning' on page 19 undefined on input line 6.


Package natbib Warning: Citation `A genetic algorithm-based optimization for the location of electric vehicle charging stations' on page 19 undefined on input line 6.


Package natbib Warning: Citation `A genetic algorithm-based optimization for the location of electric vehicle charging stations' on page 19 undefined on input line 10.



[19

]

Package natbib Warning: Citation `A multi-objective optimization model for electric vehicle charging station location planning' on page 20 undefined on input line 12.


Package natbib Warning: Citation `A genetic algorithm-based optimization for the location of electric vehicle charging stations' on page 20 undefined on input line 16.


Package natbib Warning: Citation `A multi-objective optimization model for electric vehicle charging station location planning' on page 20 undefined on input line 16.


Package natbib Warning: Citation `A multi-objective optimization model for electric vehicle charging station location planning' on page 20 undefined on input line 22.


Package natbib Warning: Citation `A genetic algorithm-based optimization for the location of electric vehicle charging stations' on page 20 undefined on input line 22.



[20]

Package natbib Warning: Citation `A multi-objective optimization model for electric vehicle charging station location planning' on page 21 undefined on input line 24.


Overfull \hbox (22.56694pt too wide) in paragraph at lines 28--29
\OT1/cmr/m/n/12 Both stud-ies re-viewed demon-strate the value of us-ing evo-lu-tion-ary al-go-rithms|specifically
 []

)

[21]
Chapter 4.
(methodology.tex

[22

]

Package hyperref Warning: Difference (2) between bookmark levels is greater 
(hyperref)                than one, level fixed on input line 23.



[23]
Overfull \hbox (2.03798pt too wide) in paragraph at lines 33--34
\OMS/cmsy/m/n/12 f\OT1/cmr/m/n/12 11\OML/cmm/m/it/12 :\OT1/cmr/m/n/12 5\OML/cmm/m/it/12 ; \OT1/cmr/m/n/12 14\OML/cmm/m/it/12 :\OT1/cmr/m/n/12 2\OML/cmm/m/it/12 ; \OT1/cmr/m/n/12 19\OML/cmm/m/it/12 :\OT1/cmr/m/n/12 2\OML/cmm/m/it/12 ; \OT1/cmr/m/n/12 25\OML/cmm/m/it/12 ; \OT1/cmr/m/n/12 60\OML/cmm/m/it/12 ; \OT1/cmr/m/n/12 62\OML/cmm/m/it/12 ; \OT1/cmr/m/n/12 80\OML/cmm/m/it/12 ; \OT1/cmr/m/n/12 120\OML/cmm/m/it/12 ; \OT1/cmr/m/n/12 150\OML/cmm/m/it/12 ; \OT1/cmr/m/n/12 180\OML/cmm/m/it/12 ; \OT1/cmr/m/n/12 200\OML/cmm/m/it/12 ; \OT1/cmr/m/n/12 240\OML/cmm/m/it/12 ; \OT1/cmr/m/n/12 250\OML/cmm/m/it/12 ; \OT1/cmr/m/n/12 300\OML/cmm/m/it/12 ; \OT1/cmr/m/n/12 325\OML/cmm/m/it/12 ; \OT1/cmr/m/n/12 350\OML/cmm/m/it/12 ; \OT1/cmr/m/n/12 400\OMS/cmsy/m/n/12 g$ \OT1/cmr/m/n/12 kW,
 []



[24]
Overfull \hbox (0.97166pt too wide) in paragraph at lines 60--61
\OT1/cmr/m/n/12 NSGA-II sorts the pop-u-la-tion us-ing \OT1/cmr/bx/n/12 non-dominated sort-ing\OT1/cmr/m/n/12 . In-di-vid-u-als are ranked
 []



[25]

[26]

LaTeX Warning: Reference `fig:nsga_flowchart' on page 27 undefined on input line 94.



[27]
<../Figures/evcs-nsga-flowchart.png, id=217, 766.36313pt x 304.63812pt>
File: ../Figures/evcs-nsga-flowchart.png Graphic file (type png)
<use ../Figures/evcs-nsga-flowchart.png>
Package pdftex.def Info: ../Figures/evcs-nsga-flowchart.png  used on input line 114.
(pdftex.def)             Requested size: 346.89731pt x 137.8947pt.
)

[28 <../Figures/evcs-nsga-flowchart.png>]
Chapter 5.
(experiment.tex
Overfull \hbox (7.97691pt too wide) in paragraph at lines 5--6
[]\OT1/cmr/m/n/12 NSGA-II was cho-sen for its proven ef-fec-tive-ness in tack-ling com-plex, multi-objective,
 []



[29

]

Package natbib Warning: Citation `openchargemap' on page 30 undefined on input line 26.



[30]
Overfull \hbox (3.60602pt too wide) in paragraph at lines 34--35
[]\OT1/cmr/m/n/12 100 po-ten-tial lo-ca-tions for charg-ing sta-tions, each lo-ca-tion has num-ber of charger,
 []


Overfull \hbox (1.40773pt too wide) in paragraph at lines 45--45
[]\OT1/cmr/bx/n/14.4 Electric Ve-hi-cle Charg-ing Sta-tion (EVCS) Cost Dataset 
 []


Package natbib Warning: Citation `EVC infrastructure costs' on page 31 undefined on input line 46.


Overfull \hbox (5.65508pt too wide) in paragraph at lines 53--53
[]|\OT1/cmr/bx/n/10.95 Installation 
 []


LaTeX Warning: `!h' float specifier changed to `!ht'.



[31]

Package natbib Warning: Citation `EV_dataset' on page 32 undefined on input line 79.



[32]

Package natbib Warning: Citation `ZCTAs' on page 33 undefined on input line 104.


Package natbib Warning: Citation `ZCTAs' on page 33 undefined on input line 104.



[33]

Package natbib Warning: Citation `Optimizing EV Charging Infrastructure' on page 34 undefined on input line 130.


Package natbib Warning: Citation `Demand-based EV Charging Station Placement' on page 34 undefined on input line 130.



[34]

Package natbib Warning: Citation `Demand-based EV Charging Station Placement' on page 35 undefined on input line 142.


Package natbib Warning: Citation `A multi-objective optimization model for electric vehicle charging station location planning' on page 35 undefined on input line 159.


Package natbib Warning: Citation `Multi-objective evolutionary algorithms for solving the electric vehicle charging station infrastructure problem' on page 35 undefined on input line 159.



[35]

Package natbib Warning: Citation `A multi-objective optimization model for electric vehicle charging station location planning' on page 36 undefined on input line 191.


Package natbib Warning: Citation `Multi-objective evolutionary algorithms for solving the electric vehicle charging station infrastructure problem' on page 36 undefined on input line 191.


Package natbib Warning: Citation `Demand-based EV Charging Station Placement' on page 36 undefined on input line 191.



[36]

Package natbib Warning: Citation `A multi-objective optimization model for electric vehicle charging station location planning' on page 37 undefined on input line 208.


Package natbib Warning: Citation `Multi-objective evolutionary algorithms for solving the electric vehicle charging station infrastructure problem' on page 37 undefined on input line 208.



[37]

Package natbib Warning: Citation `A multi-objective optimization model for electric vehicle charging station location planning' on page 38 undefined on input line 225.


Package natbib Warning: Citation `Multi-objective evolutionary algorithms for solving the electric vehicle charging station infrastructure problem' on page 38 undefined on input line 225.


Package natbib Warning: Citation `A multi-objective optimization model for electric vehicle charging station location planning' on page 38 undefined on input line 245.


Package natbib Warning: Citation `Multi-objective evolutionary algorithms for solving the electric vehicle charging station infrastructure problem' on page 38 undefined on input line 245.



[38]

Package natbib Warning: Citation `Virtues of the Haversine' on page 39 undefined on input line 261.



[39]

[40]

[41]

LaTeX Warning: Reference `fig:EVCS Dataset' on page 42 undefined on input line 337.

<../Figures/evcs_dataset.PNG, id=308, 546.04pt x 281.05pt>
File: ../Figures/evcs_dataset.PNG Graphic file (type png)
<use ../Figures/evcs_dataset.PNG>
Package pdftex.def Info: ../Figures/evcs_dataset.PNG  used on input line 341.
(pdftex.def)             Requested size: 433.62pt x 223.18922pt.

Underfull \hbox (badness 10000) in paragraph at lines 337--346

 []


LaTeX Warning: `h' float specifier changed to `ht'.



[42]

Package natbib Warning: Citation `Evolutionary algorithms made easy' on page 43 undefined on input line 356.



[43 <../Figures/evcs_dataset.PNG>]

LaTeX Warning: Reference `subsec:objective-functions' on page 44 undefined on input line 371.


Underfull \hbox (badness 10000) in paragraph at lines 371--375

 []



[44]

Package natbib Warning: Citation `Multi-Objective Optimization using Evolutionary Algorithms' on page 45 undefined on input line 376.



[45]

Package natbib Warning: Citation `Multi-Objective Optimization using Evolutionary Algorithms' on page 46 undefined on input line 394.


Package natbib Warning: Citation `Introduction to evolutionary computing. Springer' on page 46 undefined on input line 406.



[46]

Package natbib Warning: Citation `A Fast and Elitist Multi-objective Genetic Algorithm: NSGA-II' on page 47 undefined on input line 411.


Package natbib Warning: Citation `Introduction to evolutionary computing. Springer' on page 47 undefined on input line 414.


Package natbib Warning: Citation `Introduction to evolutionary computing. Springer' on page 47 undefined on input line 414.


Package natbib Warning: Citation `Introduction to evolutionary computing. Springer' on page 47 undefined on input line 416.


Package natbib Warning: Citation `Introduction to evolutionary computing. Springer' on page 47 undefined on input line 416.



[47])

[48]
Chapter 6.
(results.tex

Package natbib Warning: Citation `A Fast and Elitist Multi-objective Genetic Algorithm: NSGA-II' on page 49 undefined on input line 3.


LaTeX Warning: Reference `fig:nsga2_metrics' on page 49 undefined on input line 3.

<../Figures/nsga2_metrics.png, id=353, 722.7pt x 433.62pt>
File: ../Figures/nsga2_metrics.png Graphic file (type png)
<use ../Figures/nsga2_metrics.png>
Package pdftex.def Info: ../Figures/nsga2_metrics.png  used on input line 7.
(pdftex.def)             Requested size: 346.89731pt x 208.13524pt.

LaTeX Warning: `!h' float specifier changed to `!ht'.



[49

]

[50 <../Figures/nsga2_metrics.png>]

LaTeX Warning: Reference `fig:pareto_front' on page 51 undefined on input line 16.



[51]
<../Figures/Pareto_front.png, id=372, 867.24pt x 578.16pt>
File: ../Figures/Pareto_front.png Graphic file (type png)
<use ../Figures/Pareto_front.png>
Package pdftex.def Info: ../Figures/Pareto_front.png  used on input line 26.
(pdftex.def)             Requested size: 346.89731pt x 231.26872pt.


LaTeX Warning: Reference `fig:trade_off' on page 52 undefined on input line 33.



[52

 <../Figures/Pareto_front.png>]

[53]
<../Figures/Trade_Off.png, id=384, 1011.78pt x 1084.05pt>
File: ../Figures/Trade_Off.png Graphic file (type png)
<use ../Figures/Trade_Off.png>
Package pdftex.def Info: ../Figures/Trade_Off.png  used on input line 43.
(pdftex.def)             Requested size: 303.53267pt x 325.21751pt.


LaTeX Warning: Reference `fig:Stations_Chargers' on page 54 undefined on input line 49.

<../Figures/Original_vs_Optimized_evcs_network.png, id=385, 362.007pt x 217.467pt>
File: ../Figures/Original_vs_Optimized_evcs_network.png Graphic file (type png)
<use ../Figures/Original_vs_Optimized_evcs_network.png>
Package pdftex.def Info: ../Figures/Original_vs_Optimized_evcs_network.png  used on input line 56.
(pdftex.def)             Requested size: 303.53267pt x 182.3425pt.

LaTeX Warning: `!h' float specifier changed to `!ht'.



[54

 <../Figures/Trade_Off.png>]

LaTeX Warning: Reference `fig:Original_Chargers_Speed_vs_Optimized_Chargers_Speed' on page 55 undefined on input line 71.


LaTeX Warning: Reference `fig:Original_Chargers_Number_vs_Optimized_Chargers_Number' on page 55 undefined on input line 71.



[55 <../Figures/Original_vs_Optimized_evcs_network.png>]
<../Figures/Original_vs_Optimized_evcs_chargers_number.png, id=400, 362.007pt x 217.467pt>
File: ../Figures/Original_vs_Optimized_evcs_chargers_number.png Graphic file (type png)
<use ../Figures/Original_vs_Optimized_evcs_chargers_number.png>
Package pdftex.def Info: ../Figures/Original_vs_Optimized_evcs_chargers_number.png  used on input line 77.
(pdftex.def)             Requested size: 303.53267pt x 182.3425pt.
<../Figures/Original_vs_Optimized_evcs_chargers_speed.png, id=401, 362.007pt x 217.467pt>
File: ../Figures/Original_vs_Optimized_evcs_chargers_speed.png Graphic file (type png)
<use ../Figures/Original_vs_Optimized_evcs_chargers_speed.png>
Package pdftex.def Info: ../Figures/Original_vs_Optimized_evcs_chargers_speed.png  used on input line 84.
(pdftex.def)             Requested size: 303.53267pt x 182.3425pt.


[56 <../Figures/Original_vs_Optimized_evcs_chargers_number.png> <../Figures/Original_vs_Optimized_evcs_chargers_speed.png>]

LaTeX Warning: Reference `fig:EVCS coverage' on page 57 undefined on input line 94.

<../Figures/coverage_stations.png, id=411, 722.7pt x 433.62pt>
File: ../Figures/coverage_stations.png Graphic file (type png)
<use ../Figures/coverage_stations.png>
Package pdftex.def Info: ../Figures/coverage_stations.png  used on input line 98.
(pdftex.def)             Requested size: 303.53267pt x 182.11916pt.

LaTeX Warning: Reference `fig:location_before' on page 57 undefined on input line 103.


LaTeX Warning: Reference `fig:location_after' on page 57 undefined on input line 103.



[57 <../Figures/coverage_stations.png>]
<../Figures/original_map.png, id=419, 462.528pt x 346.896pt>
File: ../Figures/original_map.png Graphic file (type png)
<use ../Figures/original_map.png>
Package pdftex.def Info: ../Figures/original_map.png  used on input line 107.
(pdftex.def)             Requested size: 303.53267pt x 227.66052pt.
<../Figures/optimized_map.png, id=420, 462.528pt x 346.896pt>
File: ../Figures/optimized_map.png Graphic file (type png)
<use ../Figures/optimized_map.png>
Package pdftex.def Info: ../Figures/optimized_map.png  used on input line 114.
(pdftex.def)             Requested size: 303.53267pt x 227.66052pt.


LaTeX Warning: `!h' float specifier changed to `!ht'.



[58 <../Figures/original_map.png>]

LaTeX Warning: Reference `fig:plot_distance' on page 59 undefined on input line 121.



[59 <../Figures/optimized_map.png>]
<../Figures/distance.png, id=433, 578.16pt x 433.62pt>
File: ../Figures/distance.png Graphic file (type png)
<use ../Figures/distance.png>
Package pdftex.def Info: ../Figures/distance.png  used on input line 127.
(pdftex.def)             Requested size: 346.89731pt x 260.17401pt.


[60 <../Figures/distance.png>]
Overfull \hbox (3.06168pt too wide) in paragraph at lines 139--139
[]\OT1/cmr/bx/n/17.28 Minimizing Over-all EVCS In-fras-truc-ture Costs 
 []


LaTeX Warning: Reference `fig:network_cost_comparison' on page 61 undefined on input line 141.



[61]
<../Figures/plot_EVCS_cost.png, id=445, 578.16pt x 433.62pt>
File: ../Figures/plot_EVCS_cost.png Graphic file (type png)
<use ../Figures/plot_EVCS_cost.png>
Package pdftex.def Info: ../Figures/plot_EVCS_cost.png  used on input line 147.
(pdftex.def)             Requested size: 303.53267pt x 227.6473pt.


LaTeX Warning: Reference `sec:performance-metrics' on page 62 undefined on input line 152.

)

[62

 <../Figures/plot_EVCS_cost.png>]
Chapter 7.
(discussion.tex

Package natbib Warning: Citation `A multi-objective optimization model for electric vehicle charging station location planning' on page 63 undefined on input line 5.



[63

]

Package natbib Warning: Citation `A genetic algorithm-based optimization for the location of electric vehicle charging stations' on page 64 undefined on input line 11.



[64]

Package natbib Warning: Citation `A multi-objective optimization model for electric vehicle charging station location planning' on page 65 undefined on input line 25.


Package natbib Warning: Citation `A multi-objective optimization model for electric vehicle charging station location planning' on page 65 undefined on input line 31.



[65]

Package natbib Warning: Citation `A genetic algorithm-based optimization for the location of electric vehicle charging stations' on page 66 undefined on input line 33.


Package natbib Warning: Citation `A multi-objective optimization model for electric vehicle charging station location planning' on page 66 undefined on input line 37.


Package natbib Warning: Citation `A multi-objective optimization model for electric vehicle charging station location planning' on page 66 undefined on input line 39.



[66]

Package natbib Warning: Citation `A genetic algorithm-based optimization for the location of electric vehicle charging stations' on page 67 undefined on input line 47.

)

[67]
Chapter 8.
(conc.tex

[68

])

[69] (appendix.tex)

[70

] (ref.tex

[71

]
Underfull \hbox (badness 1997) in paragraph at lines 4--5
[]\OT1/cmr/m/n/12 Alternative Fu-els Data Cen-ter. (n.d.). *Elec-tric ve-hi-cle charg-ing sta-tion lo-
 []


Underfull \hbox (badness 5050) in paragraph at lines 4--5
\OT1/cmr/m/n/12 ca-tions*. U.S. De-part-ment of En-ergy. Re-trieved April 30, 2025, from
 []


Underfull \hbox (badness 1199) in paragraph at lines 6--7
[]\OT1/cmr/m/n/12 Power Sonic. (n.d.). DC Fast Charg-ers for Elec-tric Ve-hi-cles. Re-trieved from
 []


Underfull \hbox (badness 10000) in paragraph at lines 8--9
\OT1/cmr/m/n/12 Toolkit. https://www.transportation.gov/urban-e-mobility-toolkit/e-mobility-
 []


Underfull \hbox (badness 7925) in paragraph at lines 11--12
[]\OT1/cmr/m/n/12 RAC. (2024). \OT1/cmr/m/it/12 Charger types, con-nec-tors and speed\OT1/cmr/m/n/12 . Re-trieved May 11,
 []


Underfull \hbox (badness 10000) in paragraph at lines 11--12
\OT1/cmr/m/n/12 2025, from []$\OT1/cmtt/m/n/12 https : / / www . rac . co . uk / drive / electric-[]cars / charging /
 []


Underfull \hbox (badness 10000) in paragraph at lines 14--15
[]$\OT1/cmtt/m/n/12 https : / / www . lifewire . com / ev-[]charging-[]levels-[]explained-[]5201716 ? utm _
 []



[72

]
Underfull \hbox (badness 1205) in paragraph at lines 44--45
[]\OT1/cmr/m/n/12 Huang, Y., & Wang, L. (2019). A ge-netic algorithm-based op-ti-miza-tion for
 []


Underfull \hbox (badness 1132) in paragraph at lines 54--55
\OT1/cmr/m/n/12 for the lo-ca-tion of elec-tric ve-hi-cle charg-ing sta-tions. \OT1/cmr/m/it/12 En-ergy\OT1/cmr/m/n/12 , 207, 118295.
 []


Underfull \hbox (badness 3612) in paragraph at lines 62--63
[]\OT1/cmr/m/n/12 Asensio, E., Goza-lvez, J., & Cano, J. (2021). Multi-objective evo-lu-tion-
 []


Underfull \hbox (badness 1845) in paragraph at lines 62--63
\OT1/cmr/m/n/12 ary al-go-rithms for solv-ing the elec-tric ve-hi-cle charg-ing sta-tion in-fras-truc-
 []



[73]
pdfTeX warning (ext4): destination with the same identifier (name{cite.Multi-Objective\040Optimization\040using\040Evolutionary\040Algorithms}) has been already used, duplicate ignored
<to be read again> 
                   \relax 
l.88 ...ptimization using Evolutionary Algorithms}
                                                  

[74]
Underfull \hbox (badness 10000) in paragraph at lines 108--109
[]\OT1/cmr/m/n/12 DEAP Doc-u-men-ta-tion, "NSGA-II (NSGA2) in DEAP," []$\OT1/cmtt/m/n/12 https : / / deap .
 []



[75]
Underfull \hbox (badness 10000) in paragraph at lines 128--129
[]\OT1/cmr/m/n/12 Requests Doc-u-men-ta-tion, "Re-quests Doc-u-men-ta-tion," []$\OT1/cmtt/m/n/12 https : / / requests .
 []


Underfull \hbox (badness 4132) in paragraph at lines 139--140
[]\OT1/cmr/m/n/12 U.S. Cen-sus Bu-reau. (2010). ZIP Code Tab-u-la-tion Ar-eas (ZC-TAs) 2010.
 []



[76])

Package natbib Warning: There were undefined citations.



[77] (MOEA_for_EVCS_Infrastructure.aux

Package natbib Warning: Citation(s) may have changed.
(natbib)                Rerun to get citations correct.


MOEA_for_EVCS_Infrastructure.aux:266: Package natbib Error: Bibliography not compatible with author-year citations.
(natbib)                Press <return> to continue in numerical citation style.

See the natbib package documentation for explanation.
Type  H <return>  for immediate help.
 ...                                              
                                                  
l.266 ...and\NAT@force@numbers{}\NAT@force@numbers
                                                  
Check the bibliography entries for non-compliant syntax,
or select author-year BibTeX style, e.g. plainnat

)
 ***********
LaTeX2e <2024-11-01>
L3 programming layer <2024-10-09>
 ***********


LaTeX Warning: There were undefined references.


LaTeX Warning: Label(s) may have changed. Rerun to get cross-references right.


Package rerunfilecheck Warning: File `MOEA_for_EVCS_Infrastructure.out' has changed.
(rerunfilecheck)                Rerun to get outlines right
(rerunfilecheck)                or use package `bookmark'.

Package rerunfilecheck Info: Checksums for `MOEA_for_EVCS_Infrastructure.out':
(rerunfilecheck)             Before: <no file>
(rerunfilecheck)             After:  9B2459992DA7938C7261A8211B7D4F66;12089.
 ) 
Here is how much of TeX's memory you used:
 32638 strings out of 473701
 771214 string characters out of 5718941
 1252650 words of memory out of 5000000
 54913 multiletter control sequences out of 15000+600000
 568509 words of font info for 74 fonts, out of 8000000 for 9000
 1141 hyphenation exceptions out of 8191
 99i,11n,107p,1371b,2312s stack positions out of 10000i,1000n,20000p,200000b,200000s
 <C:\Users\Lenovo\AppData\Local\MiKTeX\fonts/pk/ljfour/jknappen/ec/dpi600\tcrm1095.pk> <C:\Users\Lenovo\AppData\Local\MiKTeX\fonts/pk/ljfour/jknappen/ec/dpi600\tcrm1200.pk><C:/Users/Lenovo/AppData/Local/Programs/MiKTeX/fonts/type1/public/amsfonts/cm/cmbx10.pfb><C:/Users/Lenovo/AppData/Local/Programs/MiKTeX/fonts/type1/public/amsfonts/cm/cmbx12.pfb><C:/Users/Lenovo/AppData/Local/Programs/MiKTeX/fonts/type1/public/amsfonts/cm/cmex10.pfb><C:/Users/Lenovo/AppData/Local/Programs/MiKTeX/fonts/type1/public/amsfonts/cm/cmmi12.pfb><C:/Users/Lenovo/AppData/Local/Programs/MiKTeX/fonts/type1/public/amsfonts/cm/cmmi8.pfb><C:/Users/Lenovo/AppData/Local/Programs/MiKTeX/fonts/type1/public/amsfonts/cm/cmr10.pfb><C:/Users/Lenovo/AppData/Local/Programs/MiKTeX/fonts/type1/public/amsfonts/cm/cmr12.pfb><C:/Users/Lenovo/AppData/Local/Programs/MiKTeX/fonts/type1/public/amsfonts/cm/cmr17.pfb><C:/Users/Lenovo/AppData/Local/Programs/MiKTeX/fonts/type1/public/amsfonts/cm/cmr8.pfb><C:/Users/Lenovo/AppData/Local/Programs/MiKTeX/fonts/type1/public/amsfonts/cm/cmsy10.pfb><C:/Users/Lenovo/AppData/Local/Programs/MiKTeX/fonts/type1/public/amsfonts/cm/cmsy8.pfb><C:/Users/Lenovo/AppData/Local/Programs/MiKTeX/fonts/type1/public/amsfonts/cm/cmti12.pfb><C:/Users/Lenovo/AppData/Local/Programs/MiKTeX/fonts/type1/public/amsfonts/cm/cmtt12.pfb>
Output written on MOEA_for_EVCS_Infrastructure.pdf (82 pages, 1130969 bytes).
PDF statistics:
 739 PDF objects out of 1000 (max. 8388607)
 267 named destinations out of 1000 (max. 500000)
 93 words of extra memory for PDF output out of 10000 (max. 10000000)

